{
  "RSpec": {
    "coverage": {
      "/Users/jaroslawromancudzich/Projects/Makersbnb/spec/features/features_spec.rb": {
        "lines": [
          1,
          null,
          1,
          1,
          1,
          1,
          null,
          null,
          1,
          1,
          1,
          1,
          1,
          1,
          1,
          null,
          null,
          1,
          1,
          1,
          1,
          null,
          null,
          1,
          1,
          1,
          null,
          1,
          1,
          1,
          1,
          null,
          null,
          null,
          null,
          1,
          1,
          1,
          null,
          null,
          1,
          1,
          1,
          1,
          1,
          null,
          null,
          null,
          1,
          1,
          1,
          1,
          1,
          1,
          1,
          1,
          null,
          null,
          null,
          1,
          1,
          1,
          1,
          1,
          null,
          null,
          1,
          null,
          null,
          null
        ]
      },
      "/Users/jaroslawromancudzich/Projects/Makersbnb/spec/features/web_helpers.rb": {
        "lines": [
          1,
          3,
          3,
          3,
          3,
          3,
          3,
          null,
          null,
          1,
          null,
          2,
          2,
          2,
          2,
          2,
          2,
          null,
          null,
          1,
          null,
          0,
          0,
          0,
          0,
          0,
          0,
          null
        ]
      },
      "/Users/jaroslawromancudzich/Projects/Makersbnb/spec/space_spec.rb": {
        "lines": [
          1,
          null,
          1,
          1,
          1,
          1,
          1,
          1,
          1,
          1,
          null,
          null,
          null,
          1,
          1,
          1,
          1,
          1,
          null,
          1,
          null,
          1,
          1,
          1,
          1,
          1,
          null,
          null,
          null
        ]
      },
      "/Users/jaroslawromancudzich/Projects/Makersbnb/spec/user_spec.rb": {
        "lines": [
          1,
          null,
          1,
          1,
          1,
          1,
          null,
          1,
          1,
          null,
          null,
          null,
          1,
          1,
          1,
          1,
          1,
          1,
          1,
          null,
          null,
          null,
          null
        ]
      }
    },
    "timestamp": 1645547352
  }
}
